11:54:59 **** Build of configuration Debug for project buttonPush ****
make all 
Building file: ../buttonPush.c
Invoking: GCC C Compiler
gcc -O0 -g3 -Wall -c -fmessage-length=0 -MMD -MP -MF"buttonPush.d" -MT"buttonPush.o" -o "buttonPush.o" "../buttonPush.c"
../buttonPush.c: In function ‘main’:
../buttonPush.c:27:5: warning: passing argument 2 of ‘write’ makes pointer from integer without a cast [enabled by default]
     write(1, '\n', 1);
     ^
In file included from ../buttonPush.h:17:0,
                 from ../buttonPush.c:7:
/usr/include/unistd.h:366:16: note: expected ‘const void *’ but argument is of type ‘int’
 extern ssize_t write (int __fd, const void *__buf, size_t __n) __wur;
                ^
Finished building: ../buttonPush.c
 
Building target: buttonPush
Invoking: GCC C Linker
gcc  -o "buttonPush"  ./buttonPush.o   
Finished building target: buttonPush
 

11:55:00 Build Finished (took 231ms)

