14:23:08 **** Build of configuration Default for project helloWorld2 ****
make all 
make: Nothing to be done for `all'.
14:23:37 **** Incremental Build of configuration Default for project helloWorld2 ****
make all 
make: Nothing to be done for `all'.
14:23:47 **** Incremental Build of configuration Default for project helloWorld2 ****
make all 
make: Nothing to be done for `all'.
14:23:48 **** Incremental Build of configuration Default for project helloWorld2 ****
make all 
make: Nothing to be done for `all'.
14:23:48 **** Incremental Build of configuration Default for project helloWorld2 ****
make all 
make: Nothing to be done for `all'.
14:23:48 **** Incremental Build of configuration Default for project helloWorld2 ****
make all 
make: Nothing to be done for `all'.
14:23:49 **** Incremental Build of configuration Default for project helloWorld2 ****
make all 
make: Nothing to be done for `all'.
14:24:43 **** Incremental Build of configuration Default for project helloWorld2 ****
make all 
make: Nothing to be done for `all'.
14:24:53 **** Incremental Build of configuration Default for project helloWorld2 ****
make all 
make: Nothing to be done for `all'.
14:25:14 **** Incremental Build of configuration Default for project helloWorld2 ****
make all 
make: Nothing to be done for `all'.
14:25:24 **** Incremental Build of configuration Default for project helloWorld2 ****
make all 
make: Nothing to be done for `all'.
14:25:43 **** Incremental Build of configuration Default for project helloWorld2 ****
make all 
make: Nothing to be done for `all'.
14:29:50 **** Incremental Build of configuration Default for project helloWorld2 ****
make all 
make: Nothing to be done for `all'.
14:29:52 **** Incremental Build of configuration Default for project helloWorld2 ****
make all 
make: Nothing to be done for `all'.
14:30:20 **** Incremental Build of configuration Default for project helloWorld2 ****
make all 
make: Nothing to be done for `all'.
14:30:55 **** Incremental Build of configuration Default for project helloWorld2 ****
make all 
gcc -Wall -Werror -o hello ./helloWorld.c
14:30:58 **** Incremental Build of configuration Default for project helloWorld2 ****
make all 
make: Nothing to be done for `all'.
14:32:07 **** Incremental Build of configuration Default for project helloWorld2 ****
make all 
make: Nothing to be done for `all'.
14:32:31 **** Incremental Build of configuration Default for project helloWorld2 ****
make all 
make: Nothing to be done for `all'.
14:32:55 **** Incremental Build of configuration Default for project helloWorld2 ****
make all 
make: Nothing to be done for `all'.
14:33:00 **** Incremental Build of configuration Default for project helloWorld2 ****
make all 
make: Nothing to be done for `all'.
14:33:19 **** Incremental Build of configuration Default for project helloWorld2 ****
make all 
make: Nothing to be done for `all'.
14:34:22 **** Incremental Build of configuration Default for project helloWorld2 ****
make all 
gcc -Wall -Werror -o helloworld ./helloWorld.c
14:34:29 **** Incremental Build of configuration Default for project helloWorld2 ****
make all 
make: Nothing to be done for `all'.
14:35:19 **** Incremental Build of configuration Default for project helloWorld2 ****
make all 
gcc -Wall -Werror -o helloworld ./helloWorld.c
14:35:44 **** Incremental Build of configuration Default for project helloWorld2 ****
make all 
gcc -Wall -Werror -o hello ./helloWorld.c
14:35:45 **** Incremental Build of configuration Default for project helloWorld2 ****
make all 
make: Nothing to be done for `all'.
15:24:37 **** Incremental Build of configuration Default for project helloWorld2 ****
make all 
gcc -Wall -Werror -o hello ./helloWorld.c
./helloWorld.c: In function ‘main’:
./helloWorld.c:8:1: error: passing argument 3 of ‘fgets’ makes pointer from integer without a cast [-Werror]
 if(inputname == fgets(inputname,50,1))
 ^
In file included from ./helloWorld.h:2:0,
                 from ./helloWorld.c:2:
/usr/include/stdio.h:622:14: note: expected ‘struct FILE * __restrict__’ but argument is of type ‘int’
 extern char *fgets (char *__restrict __s, int __n, FILE *__restrict __stream)
              ^
./helloWorld.c:10:18: error: character constant too long for its type [-Werror]
  FILE *fd =fopen('/dev/null');
                  ^
./helloWorld.c:10:2: error: passing argument 1 of ‘fopen’ makes pointer from integer without a cast [-Werror]
  FILE *fd =fopen('/dev/null');
  ^
In file included from ./helloWorld.h:2:0,
                 from ./helloWorld.c:2:
/usr/include/stdio.h:272:14: note: expected ‘const char * __restrict__’ but argument is of type ‘int’
 extern FILE *fopen (const char *__restrict __filename,
              ^
./helloWorld.c:10:2: error: too few arguments to function ‘fopen’
  FILE *fd =fopen('/dev/null');
  ^
In file included from ./helloWorld.h:2:0,
                 from ./helloWorld.c:2:
/usr/include/stdio.h:272:14: note: declared here
 extern FILE *fopen (const char *__restrict __filename,
              ^
./helloWorld.c:13:2: error: passing argument 2 of ‘fwrite’ makes integer from pointer without a cast [-Werror]
  fwrite(fd,"hello null");
  ^
In file included from ./helloWorld.h:2:0,
                 from ./helloWorld.c:2:
/usr/include/stdio.h:715:15: note: expected ‘size_t’ but argument is of type ‘char *’
 extern size_t fwrite (const void *__restrict __ptr, size_t __size,
               ^
./helloWorld.c:13:2: error: too few arguments to function ‘fwrite’
  fwrite(fd,"hello null");
  ^
cc1: all warnings being treated as errors
make: *** [hello] Error 1
15:25:10 **** Incremental Build of configuration Default for project helloWorld2 ****
make all 
gcc -Wall -Werror -o hello ./helloWorld.c
./helloWorld.c: In function ‘main’:
./helloWorld.c:8:1: error: passing argument 3 of ‘fgets’ makes pointer from integer without a cast [-Werror]
 if(inputname == fgets(inputname,50,1))
 ^
In file included from ./helloWorld.h:2:0,
                 from ./helloWorld.c:2:
/usr/include/stdio.h:622:14: note: expected ‘struct FILE * __restrict__’ but argument is of type ‘int’
 extern char *fgets (char *__restrict __s, int __n, FILE *__restrict __stream)
              ^
./helloWorld.c:10:18: error: character constant too long for its type [-Werror]
  FILE *fd =fopen('/dev/null');
                  ^
./helloWorld.c:10:2: error: passing argument 1 of ‘fopen’ makes pointer from integer without a cast [-Werror]
  FILE *fd =fopen('/dev/null');
  ^
In file included from ./helloWorld.h:2:0,
                 from ./helloWorld.c:2:
/usr/include/stdio.h:272:14: note: expected ‘const char * __restrict__’ but argument is of type ‘int’
 extern FILE *fopen (const char *__restrict __filename,
              ^
./helloWorld.c:10:2: error: too few arguments to function ‘fopen’
  FILE *fd =fopen('/dev/null');
  ^
In file included from ./helloWorld.h:2:0,
                 from ./helloWorld.c:2:
/usr/include/stdio.h:272:14: note: declared here
 extern FILE *fopen (const char *__restrict __filename,
              ^
./helloWorld.c:13:2: error: passing argument 1 of ‘fputs’ from incompatible pointer type [-Werror]
  fputs(fd,"hello null");
  ^
In file included from ./helloWorld.h:2:0,
                 from ./helloWorld.c:2:
/usr/include/stdio.h:689:12: note: expected ‘const char * __restrict__’ but argument is of type ‘struct FILE *’
 extern int fputs (const char *__restrict __s, FILE *__restrict __stream);
            ^
./helloWorld.c:13:2: error: passing argument 2 of ‘fputs’ from incompatible pointer type [-Werror]
  fputs(fd,"hello null");
  ^
In file included from ./helloWorld.h:2:0,
                 from ./helloWorld.c:2:
/usr/include/stdio.h:689:12: note: expected ‘struct FILE * __restrict__’ but argument is of type ‘char *’
 extern int fputs (const char *__restrict __s, FILE *__restrict __stream);
            ^
cc1: all warnings being treated as errors
make: *** [hello] Error 1
15:27:40 **** Incremental Build of configuration Default for project helloWorld2 ****
make all 
gcc -Wall -Werror -o hello ./helloWorld.c
./helloWorld.c: In function ‘main’:
./helloWorld.c:10:18: error: character constant too long for its type [-Werror]
  FILE *fd =fopen('/dev/null');
                  ^
./helloWorld.c:10:2: error: passing argument 1 of ‘fopen’ makes pointer from integer without a cast [-Werror]
  FILE *fd =fopen('/dev/null');
  ^
In file included from ./helloWorld.h:2:0,
                 from ./helloWorld.c:2:
/usr/include/stdio.h:272:14: note: expected ‘const char * __restrict__’ but argument is of type ‘int’
 extern FILE *fopen (const char *__restrict __filename,
              ^
./helloWorld.c:10:2: error: too few arguments to function ‘fopen’
  FILE *fd =fopen('/dev/null');
  ^
In file included from ./helloWorld.h:2:0,
                 from ./helloWorld.c:2:
/usr/include/stdio.h:272:14: note: declared here
 extern FILE *fopen (const char *__restrict __filename,
              ^
./helloWorld.c:13:2: error: passing argument 1 of ‘fputs’ from incompatible pointer type [-Werror]
  fputs(fd,"hello null");
  ^
In file included from ./helloWorld.h:2:0,
                 from ./helloWorld.c:2:
/usr/include/stdio.h:689:12: note: expected ‘const char * __restrict__’ but argument is of type ‘struct FILE *’
 extern int fputs (const char *__restrict __s, FILE *__restrict __stream);
            ^
./helloWorld.c:13:2: error: passing argument 2 of ‘fputs’ from incompatible pointer type [-Werror]
  fputs(fd,"hello null");
  ^
In file included from ./helloWorld.h:2:0,
                 from ./helloWorld.c:2:
/usr/include/stdio.h:689:12: note: expected ‘struct FILE * __restrict__’ but argument is of type ‘char *’
 extern int fputs (const char *__restrict __s, FILE *__restrict __stream);
            ^
cc1: all warnings being treated as errors
make: *** [hello] Error 1
15:27:58 **** Incremental Build of configuration Default for project helloWorld2 ****
make all 
gcc -Wall -Werror -o hello ./helloWorld.c
./helloWorld.c: In function ‘main’:
./helloWorld.c:10:2: error: too few arguments to function ‘fopen’
  FILE *fd =fopen("/dev/null");
  ^
In file included from ./helloWorld.h:2:0,
                 from ./helloWorld.c:2:
/usr/include/stdio.h:272:14: note: declared here
 extern FILE *fopen (const char *__restrict __filename,
              ^
./helloWorld.c:13:2: error: passing argument 1 of ‘fputs’ from incompatible pointer type [-Werror]
  fputs(fd,"hello null");
  ^
In file included from ./helloWorld.h:2:0,
                 from ./helloWorld.c:2:
/usr/include/stdio.h:689:12: note: expected ‘const char * __restrict__’ but argument is of type ‘struct FILE *’
 extern int fputs (const char *__restrict __s, FILE *__restrict __stream);
            ^
./helloWorld.c:13:2: error: passing argument 2 of ‘fputs’ from incompatible pointer type [-Werror]
  fputs(fd,"hello null");
  ^
In file included from ./helloWorld.h:2:0,
                 from ./helloWorld.c:2:
/usr/include/stdio.h:689:12: note: expected ‘struct FILE * __restrict__’ but argument is of type ‘char *’
 extern int fputs (const char *__restrict __s, FILE *__restrict __stream);
            ^
cc1: all warnings being treated as errors
make: *** [hello] Error 1
15:28:50 **** Incremental Build of configuration Default for project helloWorld2 ****
make all 
gcc -Wall -Werror -o hello ./helloWorld.c
./helloWorld.c: In function ‘main’:
./helloWorld.c:10:30: error: ‘O_WRONLY’ undeclared (first use in this function)
  FILE *fd =fopen("/dev/null",O_WRONLY);
                              ^
./helloWorld.c:10:30: note: each undeclared identifier is reported only once for each function it appears in
./helloWorld.c:13:2: error: passing argument 1 of ‘fputs’ from incompatible pointer type [-Werror]
  fputs(fd,"hello null");
  ^
In file included from ./helloWorld.h:2:0,
                 from ./helloWorld.c:2:
/usr/include/stdio.h:689:12: note: expected ‘const char * __restrict__’ but argument is of type ‘struct FILE *’
 extern int fputs (const char *__restrict __s, FILE *__restrict __stream);
            ^
./helloWorld.c:13:2: error: passing argument 2 of ‘fputs’ from incompatible pointer type [-Werror]
  fputs(fd,"hello null");
  ^
In file included from ./helloWorld.h:2:0,
                 from ./helloWorld.c:2:
/usr/include/stdio.h:689:12: note: expected ‘struct FILE * __restrict__’ but argument is of type ‘char *’
 extern int fputs (const char *__restrict __s, FILE *__restrict __stream);
            ^
cc1: all warnings being treated as errors
make: *** [hello] Error 1
15:29:58 **** Incremental Build of configuration Default for project helloWorld2 ****
make all 
gcc -Wall -Werror -o hello ./helloWorld.c
./helloWorld.c: In function ‘main’:
./helloWorld.c:10:30: error: ‘O_RDWR’ undeclared (first use in this function)
  FILE *fd =fopen("/dev/null",O_RDWR);
                              ^
./helloWorld.c:10:30: note: each undeclared identifier is reported only once for each function it appears in
./helloWorld.c:13:2: error: passing argument 1 of ‘fputs’ from incompatible pointer type [-Werror]
  fputs(fd,"hello null");
  ^
In file included from ./helloWorld.h:2:0,
                 from ./helloWorld.c:2:
/usr/include/stdio.h:689:12: note: expected ‘const char * __restrict__’ but argument is of type ‘struct FILE *’
 extern int fputs (const char *__restrict __s, FILE *__restrict __stream);
            ^
./helloWorld.c:13:2: error: passing argument 2 of ‘fputs’ from incompatible pointer type [-Werror]
  fputs(fd,"hello null");
  ^
In file included from ./helloWorld.h:2:0,
                 from ./helloWorld.c:2:
/usr/include/stdio.h:689:12: note: expected ‘struct FILE * __restrict__’ but argument is of type ‘char *’
 extern int fputs (const char *__restrict __s, FILE *__restrict __stream);
            ^
cc1: all warnings being treated as errors
make: *** [hello] Error 1
15:30:50 **** Incremental Build of configuration Default for project helloWorld2 ****
make all 
gcc -Wall -Werror -o hello ./helloWorld.c
./helloWorld.c: In function ‘main’:
./helloWorld.c:10:2: error: passing argument 2 of ‘fopen’ makes pointer from integer without a cast [-Werror]
  FILE *fd =fopen("/dev/null",O_RDWR);
  ^
In file included from ./helloWorld.h:2:0,
                 from ./helloWorld.c:2:
/usr/include/stdio.h:272:14: note: expected ‘const char * __restrict__’ but argument is of type ‘int’
 extern FILE *fopen (const char *__restrict __filename,
              ^
./helloWorld.c:13:2: error: passing argument 1 of ‘fputs’ from incompatible pointer type [-Werror]
  fputs(fd,"hello null");
  ^
In file included from ./helloWorld.h:2:0,
                 from ./helloWorld.c:2:
/usr/include/stdio.h:689:12: note: expected ‘const char * __restrict__’ but argument is of type ‘struct FILE *’
 extern int fputs (const char *__restrict __s, FILE *__restrict __stream);
            ^
./helloWorld.c:13:2: error: passing argument 2 of ‘fputs’ from incompatible pointer type [-Werror]
  fputs(fd,"hello null");
  ^
In file included from ./helloWorld.h:2:0,
                 from ./helloWorld.c:2:
/usr/include/stdio.h:689:12: note: expected ‘struct FILE * __restrict__’ but argument is of type ‘char *’
 extern int fputs (const char *__restrict __s, FILE *__restrict __stream);
            ^
cc1: all warnings being treated as errors
make: *** [hello] Error 1
15:31:25 **** Incremental Build of configuration Default for project helloWorld2 ****
make all 
gcc -Wall -Werror -o hello ./helloWorld.c
./helloWorld.c: In function ‘main’:
./helloWorld.c:13:2: error: passing argument 1 of ‘fputs’ from incompatible pointer type [-Werror]
  fputs(fd,"hello null");
  ^
In file included from ./helloWorld.h:2:0,
                 from ./helloWorld.c:2:
/usr/include/stdio.h:689:12: note: expected ‘const char * __restrict__’ but argument is of type ‘struct FILE *’
 extern int fputs (const char *__restrict __s, FILE *__restrict __stream);
            ^
./helloWorld.c:13:2: error: passing argument 2 of ‘fputs’ from incompatible pointer type [-Werror]
  fputs(fd,"hello null");
  ^
In file included from ./helloWorld.h:2:0,
                 from ./helloWorld.c:2:
/usr/include/stdio.h:689:12: note: expected ‘struct FILE * __restrict__’ but argument is of type ‘char *’
 extern int fputs (const char *__restrict __s, FILE *__restrict __stream);
            ^
cc1: all warnings being treated as errors
make: *** [hello] Error 1
15:32:07 **** Incremental Build of configuration Default for project helloWorld2 ****
make all 
gcc -Wall -Werror -o hello ./helloWorld.c
15:36:30 **** Incremental Build of configuration Default for project helloWorld2 ****
make all 
gcc -Wall -Werror -o hello ./helloWorld.c
15:37:37 **** Incremental Build of configuration Default for project helloWorld2 ****
make all 
gcc -Wall -Werror -o hello ./helloWorld.c
./helloWorld.c: In function ‘main’:
./helloWorld.c:17:3: error: passing argument 1 of ‘printf’ makes pointer from integer without a cast [-Werror]
   printf(c);
   ^
In file included from ./helloWorld.h:2:0,
                 from ./helloWorld.c:2:
/usr/include/stdio.h:362:12: note: expected ‘const char * __restrict__’ but argument is of type ‘char’
 extern int printf (const char *__restrict __format, ...);
            ^
./helloWorld.c:17:3: error: format not a string literal and no format arguments [-Werror=format-security]
   printf(c);
   ^
cc1: all warnings being treated as errors
make: *** [hello] Error 1
15:38:13 **** Incremental Build of configuration Default for project helloWorld2 ****
make all 
gcc -Wall -Werror -o hello ./helloWorld.c
15:39:02 **** Incremental Build of configuration Default for project helloWorld2 ****
make all 
gcc -Wall -Werror -o hello ./helloWorld.c
15:40:15 **** Incremental Build of configuration Default for project helloWorld2 ****
make all 
gcc -Wall -Werror -o hello ./helloWorld.c
./helloWorld.c: In function ‘main’:
./helloWorld.c:8:3: error: format not a string literal and no format arguments [-Werror=format-security]
   printf(inputname);
   ^
cc1: all warnings being treated as errors
make: *** [hello] Error 1
15:40:43 **** Incremental Build of configuration Default for project helloWorld2 ****
make all 
gcc -Wall -Werror -o hello ./helloWorld.c
15:41:27 **** Incremental Build of configuration Default for project helloWorld2 ****
make all 
gcc -Wall -Werror -o hello ./helloWorld.c
15:43:18 **** Incremental Build of configuration Default for project helloWorld2 ****
make all 
gcc -Wall -Werror -o hello ./helloWorld.c
15:43:50 **** Incremental Build of configuration Default for project helloWorld2 ****
make all 
gcc -Wall -Werror -o hello ./helloWorld.c
15:44:26 **** Incremental Build of configuration Default for project helloWorld2 ****
make all 
gcc -Wall -Werror -o hello ./helloWorld.c
15:44:58 **** Incremental Build of configuration Default for project helloWorld2 ****
make all 
gcc -Wall -Werror -o hello ./helloWorld.c
15:45:43 **** Incremental Build of configuration Default for project helloWorld2 ****
make all 
gcc -Wall -Werror -o hello ./helloWorld.c
15:53:42 **** Incremental Build of configuration Default for project helloWorld2 ****
make all 
gcc -Wall -Werror -o hello ./helloWorld.c
./helloWorld.c: In function ‘main’:
./helloWorld.c:7:3: error: implicit declaration of function ‘strlen’ [-Werror=implicit-function-declaration]
   if('\n' == inputname[strlen(inputname)-1])
   ^
./helloWorld.c:7:24: error: incompatible implicit declaration of built-in function ‘strlen’ [-Werror]
   if('\n' == inputname[strlen(inputname)-1])
                        ^
cc1: all warnings being treated as errors
make: *** [hello] Error 1
15:54:10 **** Incremental Build of configuration Default for project helloWorld2 ****
make all 
gcc -Wall -Werror -o hello ./helloWorld.c
15:55:33 **** Incremental Build of configuration Default for project helloWorld2 ****
make all 
gcc -Wall -Werror -o hello ./helloWorld.c
./helloWorld.c: In function ‘main’:
./helloWorld.c:12:10: error: unknown escape sequence: '\m' [-Werror]
   printf("inputFileName is <%s>\m", inputname);
          ^
cc1: all warnings being treated as errors
make: *** [hello] Error 1
15:55:52 **** Incremental Build of configuration Default for project helloWorld2 ****
make all 
gcc -Wall -Werror -o hello ./helloWorld.c
15:57:53 **** Incremental Build of configuration Default for project helloWorld2 ****
make all 
gcc -Wall -Werror -o hello ./helloWorld.c
11:54:59 **** Build of configuration Debug for project buttonPush ****
make all 
Building file: ../buttonPush.c
Invoking: GCC C Compiler
gcc -O0 -g3 -Wall -c -fmessage-length=0 -MMD -MP -MF"buttonPush.d" -MT"buttonPush.o" -o "buttonPush.o" "../buttonPush.c"
../buttonPush.c: In function ‘main’:
../buttonPush.c:27:5: warning: passing argument 2 of ‘write’ makes pointer from integer without a cast [enabled by default]
     write(1, '\n', 1);
     ^
In file included from ../buttonPush.h:17:0,
                 from ../buttonPush.c:7:
/usr/include/unistd.h:366:16: note: expected ‘const void *’ but argument is of type ‘int’
 extern ssize_t write (int __fd, const void *__buf, size_t __n) __wur;
                ^
Finished building: ../buttonPush.c
 
Building target: buttonPush
Invoking: GCC C Linker
gcc  -o "buttonPush"  ./buttonPush.o   
Finished building target: buttonPush
 
11:55:00 **** Incremental Build of configuration Default for project helloWorld2 ****
make all 
make: Nothing to be done for `all'.
